<?xml version="1.0" encoding="UTF-8"?>
<!-- Generated by org.testng.reporters.JUnitReportReporter -->
<testsuite hostname="home-laptop" failures="0" tests="3" name="com.thecatapi.imagesapitests.TC_GetImages" time="7.903" errors="0" timestamp="2023-08-09T22:26:24 IST" skipped="0">
  <testcase classname="com.thecatapi.imagesapitests.TC_GetImages" name="TC02_shouldNotReturnMoreThan10Images" time="0.632"/>
  <system-out/>
  <testcase classname="com.thecatapi.imagesapitests.TC_GetImages" name="TC03_shouldReturnMoreThan10Images" time="2.482"/>
  <system-out/>
  <testcase classname="com.thecatapi.imagesapitests.TC_GetImages" name="TC01_getImages" time="4.789"/>
  <system-out/>
</testsuite> <!-- com.thecatapi.imagesapitests.TC_GetImages -->
