<?xml version="1.0" encoding="UTF-8"?>
<!-- Generated by org.testng.reporters.JUnitReportReporter -->
<testsuite hostname="home-laptop" failures="0" tests="2" name="com.thecatapi.imagesapitests.TC_UploadImage" time="17.091" errors="0" timestamp="2023-08-09T15:01:07 IST" skipped="0">
  <testcase classname="com.thecatapi.imagesapitests.TC_UploadImage" name="TC07_shouldNotAbleToUploadImage" time="3.089"/>
  <system-out/>
  <testcase classname="com.thecatapi.imagesapitests.TC_UploadImage" name="TC06_shouldAbleToUploadImage" time="14.002"/>
  <system-out/>
</testsuite> <!-- com.thecatapi.imagesapitests.TC_UploadImage -->
