<?xml version="1.0" encoding="UTF-8"?>
<!-- Generated by org.testng.reporters.JUnitReportReporter -->
<testsuite hostname="home-laptop" failures="0" tests="3" name="com.thecatapi.imagesapitests.TC_SearchImages" time="6.454" errors="0" timestamp="2023-08-06T21:59:11 IST" skipped="0">
  <testcase classname="com.thecatapi.imagesapitests.TC_SearchImages" name="TC01_searchImages" time="3.530"/>
  <system-out/>
  <testcase classname="com.thecatapi.imagesapitests.TC_SearchImages" name="TC03_shouldReturnMoreThan10Images" time="2.275"/>
  <system-out/>
  <testcase classname="com.thecatapi.imagesapitests.TC_SearchImages" name="TC02_shouldNotReturnMoreThan10Images" time="0.649"/>
  <system-out/>
</testsuite> <!-- com.thecatapi.imagesapitests.TC_SearchImages -->
