<?xml version="1.0" encoding="UTF-8"?>
<!-- Generated by org.testng.reporters.JUnitReportReporter -->
<testsuite hostname="home-laptop" failures="0" tests="1" name="com.thecatapi.imagesapitests.TC_GetImageById" time="1.830" errors="0" timestamp="2023-08-07T18:00:32 IST" skipped="0">
  <testcase classname="com.thecatapi.imagesapitests.TC_GetImageById" name="getImageByID" time="1.830"/>
  <system-out/>
</testsuite> <!-- com.thecatapi.imagesapitests.TC_GetImageById -->
