<?xml version="1.0" encoding="UTF-8"?>
<!-- Generated by org.testng.reporters.JUnitReportReporter -->
<testsuite hostname="home-laptop" failures="0" tests="1" name="com.thecatapi.imagesapitests.TC_DeleteImage" time="0.747" errors="0" timestamp="2023-08-09T23:30:01 IST" skipped="0">
  <testcase classname="com.thecatapi.imagesapitests.TC_DeleteImage" name="TC09_deleteImageById" time="0.747"/>
  <system-out/>
</testsuite> <!-- com.thecatapi.imagesapitests.TC_DeleteImage -->
