<?xml version="1.0" encoding="UTF-8"?>
<!-- Generated by org.testng.reporters.JUnitReportReporter -->
<testsuite hostname="home-laptop" failures="0" tests="3" name="com.thecatapi.imagesapitests.TC_GetImages" time="7.396" errors="0" timestamp="2023-08-09T23:30:01 IST" skipped="0">
  <testcase classname="com.thecatapi.imagesapitests.TC_GetImages" name="TC01_getImages" time="4.257"/>
  <system-out/>
  <testcase classname="com.thecatapi.imagesapitests.TC_GetImages" name="TC03_shouldReturnMoreThan10Images" time="2.502"/>
  <system-out/>
  <testcase classname="com.thecatapi.imagesapitests.TC_GetImages" name="TC02_shouldNotReturnMoreThan10Images" time="0.637"/>
  <system-out/>
</testsuite> <!-- com.thecatapi.imagesapitests.TC_GetImages -->
