<?xml version="1.0" encoding="UTF-8"?>
<!-- Generated by org.testng.reporters.JUnitReportReporter -->
<testsuite hostname="home-laptop" failures="0" tests="2" name="com.thecatapi.imagesapitests.TC_UploadImage" time="12.628" errors="0" timestamp="2023-08-09T23:30:01 IST" skipped="0">
  <testcase classname="com.thecatapi.imagesapitests.TC_UploadImage" name="TC06_shouldAbleToUploadImage" time="8.812"/>
  <system-out/>
  <testcase classname="com.thecatapi.imagesapitests.TC_UploadImage" name="TC07_shouldNotAbleToUploadImage" time="3.816"/>
  <system-out/>
</testsuite> <!-- com.thecatapi.imagesapitests.TC_UploadImage -->
