<?xml version="1.0" encoding="UTF-8"?>
<!-- Generated by org.testng.reporters.JUnitReportReporter -->
<testsuite hostname="home-laptop" failures="0" tests="2" name="com.thecatapi.imagesapitests.TC_GetImageById" time="3.763" errors="0" timestamp="2023-08-09T23:30:01 IST" skipped="0">
  <testcase classname="com.thecatapi.imagesapitests.TC_GetImageById" name="TC04_shouldReturnImg" time="3.183"/>
  <system-out/>
  <testcase classname="com.thecatapi.imagesapitests.TC_GetImageById" name="TC05_shouldNotReturnImg" time="0.580"/>
  <system-out/>
</testsuite> <!-- com.thecatapi.imagesapitests.TC_GetImageById -->
